<?xml version="1.0" encoding="UTF-8"?>
<testsuite xmlns:xsi="http://www.w3.org/2001/XMLSchema-instance" xsi:noNamespaceSchemaLocation="https://maven.apache.org/surefire/maven-surefire-plugin/xsd/surefire-test-report.xsd" version="3.0.2" name="com.rajukrsoni.microservices.limits_service.LimitsServiceApplicationTests" time="3.995" tests="1" errors="0" skipped="0" failures="0">
  <properties>
[...]
</properties>
  <testcase name="contextLoads" classname="com.rajukrsoni.microservices.limits_service.LimitsServiceApplicationTests" time="0.652">
    <system-out><![CDATA[00:09:02.297 [main] INFO org.springframework.test.context.support.AnnotationConfigContextLoaderUtils -- Could not detect default configuration classes for test class [com.rajukrsoni.microservices.limits_service.LimitsServiceApplicationTests]: LimitsServiceApplicationTests does not declare any static, non-private, non-final, nested classes annotated with @Configuration.
00:09:02.432 [main] INFO org.springframework.boot.test.context.SpringBootTestContextBootstrapper -- Found @SpringBootConfiguration com.rajukrsoni.microservices.limits_service.LimitsServiceApplication for test class com.rajukrsoni.microservices.limits_service.LimitsServiceApplicationTests
00:09:02.847 [main] INFO org.springframework.boot.devtools.restart.RestartApplicationListener -- Restart disabled due to context in which it is running

  .   ____          _            __ _ _
 /\\ / ___'_ __ _ _(_)_ __  __ _ \ \ \ \
( ( )\___ | '_ | '_| | '_ \/ _` | \ \ \ \
 \\/  ___)| |_)| | | | | || (_| |  ) ) ) )
  '  |____| .__|_| |_|_| |_\__, | / / / /
 =========|_|==============|___/=/_/_/_/

 :: Spring Boot ::                (v3.5.4)

2025-07-27T00:09:03.635+05:30  INFO 19908 --- [limits-service] [           main] c.r.m.l.LimitsServiceApplicationTests    : Starting LimitsServiceApplicationTests using Java 24.0.1 with PID 19908 (started by infok in D:\Udemy_course\microservice-project\limits-service\limits-service)
2025-07-27T00:09:03.637+05:30  INFO 19908 --- [limits-service] [           main] c.r.m.l.LimitsServiceApplicationTests    : No active profile set, falling back to 1 default profile: "default"
2025-07-27T00:09:03.666+05:30  INFO 19908 --- [limits-service] [           main] o.s.c.c.c.ConfigServerConfigDataLoader   : Fetching config from server at : http://localhost:8888
2025-07-27T00:09:03.667+05:30  INFO 19908 --- [limits-service] [           main] o.s.c.c.c.ConfigServerConfigDataLoader   : Exception on Url - http://localhost:8888:org.springframework.web.client.ResourceAccessException: I/O error on GET request for "http://localhost:8888/limits-service/default": Connection refused: getsockopt. Will be trying the next url if available
2025-07-27T00:09:03.667+05:30  WARN 19908 --- [limits-service] [           main] o.s.c.c.c.ConfigServerConfigDataLoader   : Could not locate PropertySource ([ConfigServerConfigDataResource@4315e9af uris = array<String>['http://localhost:8888'], optional = true, profiles = 'default']): I/O error on GET request for "http://localhost:8888/limits-service/default": Connection refused: getsockopt
2025-07-27T00:09:03.667+05:30  INFO 19908 --- [limits-service] [           main] o.s.c.c.c.ConfigServerConfigDataLoader   : Fetching config from server at : http://localhost:8888
2025-07-27T00:09:03.667+05:30  INFO 19908 --- [limits-service] [           main] o.s.c.c.c.ConfigServerConfigDataLoader   : Exception on Url - http://localhost:8888:org.springframework.web.client.ResourceAccessException: I/O error on GET request for "http://localhost:8888/limits-service/default": Connection refused: getsockopt. Will be trying the next url if available
2025-07-27T00:09:03.667+05:30  WARN 19908 --- [limits-service] [           main] o.s.c.c.c.ConfigServerConfigDataLoader   : Could not locate PropertySource ([ConfigServerConfigDataResource@22590e3e uris = array<String>['http://localhost:8888'], optional = true, profiles = 'default']): I/O error on GET request for "http://localhost:8888/limits-service/default": Connection refused: getsockopt
2025-07-27T00:09:03.668+05:30  INFO 19908 --- [limits-service] [           main] o.s.c.c.c.ConfigServerConfigDataLoader   : Fetching config from server at : http://localhost:8888
2025-07-27T00:09:03.668+05:30  INFO 19908 --- [limits-service] [           main] o.s.c.c.c.ConfigServerConfigDataLoader   : Exception on Url - http://localhost:8888:org.springframework.web.client.ResourceAccessException: I/O error on GET request for "http://localhost:8888/limits-service/default": Connection refused: getsockopt. Will be trying the next url if available
2025-07-27T00:09:03.668+05:30  WARN 19908 --- [limits-service] [           main] o.s.c.c.c.ConfigServerConfigDataLoader   : Could not locate PropertySource ([ConfigServerConfigDataResource@53dad875 uris = array<String>['http://localhost:8888'], optional = true, profiles = 'default']): I/O error on GET request for "http://localhost:8888/limits-service/default": Connection refused: getsockopt
2025-07-27T00:09:04.456+05:30  INFO 19908 --- [limits-service] [           main] o.s.cloud.context.scope.GenericScope     : BeanFactory id=034c80df-6b7c-3b46-9e5b-03190c453e7a
2025-07-27T00:09:05.316+05:30  INFO 19908 --- [limits-service] [           main] o.s.b.a.e.web.EndpointLinksResolver      : Exposing 1 endpoint beneath base path '/actuator'
2025-07-27T00:09:05.378+05:30  INFO 19908 --- [limits-service] [           main] c.r.m.l.LimitsServiceApplicationTests    : Started LimitsServiceApplicationTests in 2.547 seconds (process running for 3.8)
]]></system-out>
    <system-err><![CDATA[Mockito is currently self-attaching to enable the inline-mock-maker. This will no longer work in future releases of the JDK. Please add Mockito as an agent to your build as described in Mockito's documentation: https://javadoc.io/doc/org.mockito/mockito-core/latest/org.mockito/org/mockito/Mockito.html#0.3
WARNING: A Java agent has been loaded dynamically (C:\Users\infok\.m2\repository\net\bytebuddy\byte-buddy-agent\1.17.6\byte-buddy-agent-1.17.6.jar)
WARNING: If a serviceability tool is in use, please run with -XX:+EnableDynamicAgentLoading to hide this warning
WARNING: If a serviceability tool is not in use, please run with -Djdk.instrument.traceUsage for more information
WARNING: Dynamic loading of agents will be disallowed by default in a future release
]]></system-err>
  </testcase>
</testsuite>